[   10933ms] [INFO] [LaunchDarkly] LaunchDarkly client initialized @ https://auth.magic.link/_next/static/chunks/5225292341aa438b.js:0
[   26163ms] [LOG] Loading Pillow, contourpy, cycler, fonttools, kiwisolver, matplotlib, matplotlib-pyodide, numpy, packaging, pyparsing, python-dateutil, pytz, six @ https://cdn.jsdelivr.net/pyodide/v0.27.0/full/pyodide.asm.js:9
[   33801ms] [LOG] Loaded Pillow, contourpy, cycler, fonttools, kiwisolver, matplotlib, matplotlib-pyodide, numpy, packaging, pyparsing, python-dateutil, pytz, six @ https://cdn.jsdelivr.net/pyodide/v0.27.0/full/pyodide.asm.js:9
[   33951ms] [LOG] numpy already loaded from default channel @ https://cdn.jsdelivr.net/pyodide/v0.27.0/full/pyodide.asm.js:9
[   33951ms] [LOG] python-dateutil already loaded from default channel @ https://cdn.jsdelivr.net/pyodide/v0.27.0/full/pyodide.asm.js:9
[   33951ms] [LOG] pytz already loaded from default channel @ https://cdn.jsdelivr.net/pyodide/v0.27.0/full/pyodide.asm.js:9
[   33951ms] [LOG] Loading pandas @ https://cdn.jsdelivr.net/pyodide/v0.27.0/full/pyodide.asm.js:9
[   37649ms] [LOG] Loaded pandas @ https://cdn.jsdelivr.net/pyodide/v0.27.0/full/pyodide.asm.js:9
[   37701ms] [LOG] packaging already loaded from default channel @ https://cdn.jsdelivr.net/pyodide/v0.27.0/full/pyodide.asm.js:9
[   37701ms] [LOG] Loading micropip @ https://cdn.jsdelivr.net/pyodide/v0.27.0/full/pyodide.asm.js:9
[   37736ms] [LOG] Loaded micropip @ https://cdn.jsdelivr.net/pyodide/v0.27.0/full/pyodide.asm.js:9
[   39469ms] [LOG] Loading certifi, charset-normalizer, idna, requests, urllib3 @ https://cdn.jsdelivr.net/pyodide/v0.27.0/full/pyodide.asm.js:9
[   40374ms] [LOG] Loaded certifi, charset-normalizer, idna, requests, urllib3 @ https://cdn.jsdelivr.net/pyodide/v0.27.0/full/pyodide.asm.js:9
[   40495ms] [LOG] numpy already loaded from default channel @ https://cdn.jsdelivr.net/pyodide/v0.27.0/full/pyodide.asm.js:9
[   40495ms] [LOG] six already loaded from default channel @ https://cdn.jsdelivr.net/pyodide/v0.27.0/full/pyodide.asm.js:9
[   40495ms] [LOG] certifi already loaded from default channel @ https://cdn.jsdelivr.net/pyodide/v0.27.0/full/pyodide.asm.js:9
[   40495ms] [LOG] pyparsing already loaded from default channel @ https://cdn.jsdelivr.net/pyodide/v0.27.0/full/pyodide.asm.js:9
[   40495ms] [LOG] packaging already loaded from default channel @ https://cdn.jsdelivr.net/pyodide/v0.27.0/full/pyodide.asm.js:9
[   40495ms] [LOG] pandas already loaded from default channel @ https://cdn.jsdelivr.net/pyodide/v0.27.0/full/pyodide.asm.js:9
[   40495ms] [LOG] Loading attrs, click, cligj, fiona, geopandas, pyproj, setuptools, shapely, sqlite3 @ https://cdn.jsdelivr.net/pyodide/v0.27.0/full/pyodide.asm.js:9
[   50112ms] [LOG] Loaded attrs, click, cligj, fiona, geopandas, pyproj, setuptools, shapely, sqlite3 @ https://cdn.jsdelivr.net/pyodide/v0.27.0/full/pyodide.asm.js:9
[   50234ms] [LOG] shapely already loaded from default channel @ https://cdn.jsdelivr.net/pyodide/v0.27.0/full/pyodide.asm.js:9
[   50234ms] [LOG] pyproj already loaded from default channel @ https://cdn.jsdelivr.net/pyodide/v0.27.0/full/pyodide.asm.js:9
[   50234ms] [LOG] matplotlib already loaded from default channel @ https://cdn.jsdelivr.net/pyodide/v0.27.0/full/pyodide.asm.js:9
[   50234ms] [LOG] numpy already loaded from default channel @ https://cdn.jsdelivr.net/pyodide/v0.27.0/full/pyodide.asm.js:9
[   50234ms] [LOG] Loading Cartopy, geos, openblas, pyshp, scipy @ https://cdn.jsdelivr.net/pyodide/v0.27.0/full/pyodide.asm.js:9
[   58547ms] [LOG] Loaded Cartopy, geos, openblas, pyshp, scipy @ https://cdn.jsdelivr.net/pyodide/v0.27.0/full/pyodide.asm.js:9
[   68084ms] [WARNING] Matplotlib is building the font cache; this may take a moment. @ https://cdn.jsdelivr.net/pyodide/v0.27.0/full/pyodide.asm.js:9
[   69030ms] [WARNING] <exec>:13: UserWarning: FigureCanvasAgg is non-interactive, and thus cannot be shown @ https://cdn.jsdelivr.net/pyodide/v0.27.0/full/pyodide.asm.js:9
