[     554ms] [INFO] %cDownload the React DevTools for a better development experience: https://react.dev/link/react-devtools font-weight:bold @ http://localhost:3000/_next/static/chunks/node_modules_next_dist_115brz8._.js:2431
[     648ms] [LOG] [HMR] connected @ http://localhost:3000/_next/static/chunks/node_modules_next_dist_115brz8._.js:2431
[     839ms] [WARNING] Image with src "/publications/cct5/cct5_page-0003.jpg" is using quality "85" which is not configured in images.qualities [75]. Please update your config to [75, 85].
Read more: https://nextjs.org/docs/messages/next-image-unconfigured-qualities @ http://localhost:3000/_next/static/chunks/node_modules_next_dist_115brz8._.js:2431
[     840ms] [WARNING] Image with src "/publications/cct5/cct5_page-0002.jpg" is using quality "85" which is not configured in images.qualities [75]. Please update your config to [75, 85].
Read more: https://nextjs.org/docs/messages/next-image-unconfigured-qualities @ http://localhost:3000/_next/static/chunks/node_modules_next_dist_115brz8._.js:2431
[     841ms] [WARNING] Image with src "/publications/cct5/cct5_page-0001.jpg" is using quality "95" which is not configured in images.qualities [75]. Please update your config to [75, 95].
Read more: https://nextjs.org/docs/messages/next-image-unconfigured-qualities @ http://localhost:3000/_next/static/chunks/node_modules_next_dist_115brz8._.js:2431
[     847ms] [WARNING] Image with src "/publications/meta/meta_page-0003.jpg" is using quality "85" which is not configured in images.qualities [75]. Please update your config to [75, 85].
Read more: https://nextjs.org/docs/messages/next-image-unconfigured-qualities @ http://localhost:3000/_next/static/chunks/node_modules_next_dist_115brz8._.js:2431
[     847ms] [WARNING] Image with src "/publications/meta/meta_page-0002.jpg" is using quality "85" which is not configured in images.qualities [75]. Please update your config to [75, 85].
Read more: https://nextjs.org/docs/messages/next-image-unconfigured-qualities @ http://localhost:3000/_next/static/chunks/node_modules_next_dist_115brz8._.js:2431
[     848ms] [WARNING] Image with src "/publications/meta/meta_page-0001.jpg" is using quality "95" which is not configured in images.qualities [75]. Please update your config to [75, 95].
Read more: https://nextjs.org/docs/messages/next-image-unconfigured-qualities @ http://localhost:3000/_next/static/chunks/node_modules_next_dist_115brz8._.js:2431
[     849ms] [WARNING] Image with src "/publications/wnt/wnt_page-0003.jpg" is using quality "85" which is not configured in images.qualities [75]. Please update your config to [75, 85].
Read more: https://nextjs.org/docs/messages/next-image-unconfigured-qualities @ http://localhost:3000/_next/static/chunks/node_modules_next_dist_115brz8._.js:2431
[     852ms] [WARNING] Image with src "/publications/wnt/wnt_page-0002.jpg" is using quality "85" which is not configured in images.qualities [75]. Please update your config to [75, 85].
Read more: https://nextjs.org/docs/messages/next-image-unconfigured-qualities @ http://localhost:3000/_next/static/chunks/node_modules_next_dist_115brz8._.js:2431
[     853ms] [WARNING] Image with src "/publications/wnt/wnt_page-0001.jpg" is using quality "95" which is not configured in images.qualities [75]. Please update your config to [75, 95].
Read more: https://nextjs.org/docs/messages/next-image-unconfigured-qualities @ http://localhost:3000/_next/static/chunks/node_modules_next_dist_115brz8._.js:2431
